<?xml version="1.0" encoding="UTF-8"?>
<!-- Generated by org.testng.reporters.JUnitReportReporter -->
<testsuite hostname="DESKTOP-R2UNG2A" failures="0" tests="1" name="testNGserialParallel.serialParralelTestNG2" time="45.182" errors="0" timestamp="2022-11-19T01:20:56 IST" skipped="0">
  <testcase classname="testNGserialParallel.serialParralelTestNG2" name="googlepage" time="45.182"/>
  <system-out/>
</testsuite> <!-- testNGserialParallel.serialParralelTestNG2 -->
