<?xml version="1.0" encoding="UTF-8"?>
<!-- Generated by org.testng.reporters.JUnitReportReporter -->
<testsuite hostname="DESKTOP-R2UNG2A" failures="0" tests="2" name="NeostoxTestClassValidateUserIdandBalance.ValidateUserIDAndAccBalance2properties" time="43.915" errors="1" timestamp="2022-12-01T01:13:38 IST" skipped="0">
  <testcase classname="NeostoxTestClassValidateUserIdandBalance.ValidateUserIDAndAccBalance2properties" name="ValidateUserID" time="20.412"/>
  <system-out>
    <![CDATA[waiting for1000 ms
getting actual user name is Hi Ganesh Kadam
Reading username from property file
waiting for1000 ms
getting actual user name is Hi Ganesh Kadam
waiting for1000 ms
Taking screenshot]]>
  </system-out>
  <testcase classname="NeostoxTestClassValidateUserIdandBalance.ValidateUserIDAndAccBalance2properties" name="ValidateAccBalance" time="23.503">
    <error message="Invalid file path" type="java.io.FileNotFoundException">
      <![CDATA[java.io.FileNotFoundException: Invalid file path
at java.base/java.io.FileOutputStream.<init>(FileOutputStream.java:231)
at java.base/java.io.FileOutputStream.<init>(FileOutputStream.java:187)
at org.openqa.selenium.io.FileHandler.copyFile(FileHandler.java:136)
at org.openqa.selenium.io.FileHandler.copy(FileHandler.java:115)
at NeostoxUtility1.Utilitycommonmethod.Takescreenshot(Utilitycommonmethod.java:43)
at NeostoxTestClassValidateUserIdandBalance.ValidateUserIDAndAccBalance2properties.ValidateAccBalance(ValidateUserIDAndAccBalance2properties.java:48)
at java.base/jdk.internal.reflect.NativeMethodAccessorImpl.invoke0(Native Method)
at java.base/jdk.internal.reflect.NativeMethodAccessorImpl.invoke(NativeMethodAccessorImpl.java:62)
at java.base/jdk.internal.reflect.DelegatingMethodAccessorImpl.invoke(DelegatingMethodAccessorImpl.java:43)
at java.base/java.lang.reflect.Method.invoke(Method.java:566)
at org.testng.internal.MethodInvocationHelper.invokeMethod(MethodInvocationHelper.java:133)
at org.testng.internal.TestInvoker.invokeMethod(TestInvoker.java:598)
at org.testng.internal.TestInvoker.invokeTestMethod(TestInvoker.java:173)
at org.testng.internal.MethodRunner.runInSequence(MethodRunner.java:46)
at org.testng.internal.TestInvoker$MethodInvocationAgent.invoke(TestInvoker.java:824)
at org.testng.internal.TestInvoker.invokeTestMethods(TestInvoker.java:146)
at org.testng.internal.TestMethodWorker.invokeTestMethods(TestMethodWorker.java:146)
at org.testng.internal.TestMethodWorker.run(TestMethodWorker.java:128)
at java.base/java.util.ArrayList.forEach(ArrayList.java:1541)
at org.testng.TestRunner.privateRun(TestRunner.java:794)
at org.testng.TestRunner.run(TestRunner.java:596)
at org.testng.SuiteRunner.runTest(SuiteRunner.java:377)
at org.testng.SuiteRunner.runSequentially(SuiteRunner.java:371)
at org.testng.SuiteRunner.privateRun(SuiteRunner.java:332)
at org.testng.SuiteRunner.run(SuiteRunner.java:276)
at org.testng.SuiteRunnerWorker.runSuite(SuiteRunnerWorker.java:53)
at org.testng.SuiteRunnerWorker.run(SuiteRunnerWorker.java:96)
at org.testng.TestNG.runSuitesSequentially(TestNG.java:1212)
at org.testng.TestNG.runSuitesLocally(TestNG.java:1134)
at org.testng.TestNG.runSuites(TestNG.java:1063)
at org.testng.TestNG.run(TestNG.java:1031)
at org.testng.remote.AbstractRemoteTestNG.run(AbstractRemoteTestNG.java:115)
at org.testng.remote.RemoteTestNG.initAndRun(RemoteTestNG.java:251)
at org.testng.remote.RemoteTestNG.main(RemoteTestNG.java:77)
]]>
    </error>
  </testcase> <!-- ValidateAccBalance -->
  <system-out>
    <![CDATA[waiting for1000 ms
getting account balance
account balance is A/c Balance: Rs.5,00,000.00
waiting for1000 ms
getting account balance
account balance is A/c Balance: Rs.5,00,000.00
waiting for1000 ms]]>
  </system-out>
</testsuite> <!-- NeostoxTestClassValidateUserIdandBalance.ValidateUserIDAndAccBalance2properties -->
