<?xml version="1.0" encoding="UTF-8"?>
<!-- Generated by org.testng.reporters.JUnitReportReporter -->
<testsuite hostname="DESKTOP-R2UNG2A" failures="0" tests="5" name="testNGKeyWord.TimeOut" time="0.203" errors="0" timestamp="2022-11-16T23:17:08 IST" skipped="0">
  <testcase classname="testNGKeyWord.TimeOut" name="timeOut3" time="0.156"/>
  <system-out>
    <![CDATA[this is my time out 3 method is running]]>
  </system-out>
  <testcase classname="testNGKeyWord.TimeOut" name="timeOut" time="0.047"/>
  <system-out>
    <![CDATA[This is my time out method is running]]>
  </system-out>
  <testcase classname="testNGKeyWord.TimeOut" name="timeOut1" time="0.000"/>
  <system-out>
    <![CDATA[This is my time out 1 method is running]]>
  </system-out>
  <testcase classname="testNGKeyWord.TimeOut" name="timeOut4" time="0.000"/>
  <system-out>
    <![CDATA[this is my time out 4 method is running]]>
  </system-out>
  <testcase classname="testNGKeyWord.TimeOut" name="timeOut2" time="0.000"/>
  <system-out>
    <![CDATA[This is my time out 2 method is running]]>
  </system-out>
</testsuite> <!-- testNGKeyWord.TimeOut -->
