<?xml version="1.0" encoding="UTF-8"?>
<!-- Generated by org.testng.reporters.JUnitReportReporter -->
<testsuite hostname="DESKTOP-R2UNG2A" failures="0" tests="5" name="testNGStudy.multipleTestCaseUseAllAnnotations" time="0.058" errors="0" timestamp="2022-11-15T22:46:42 IST" skipped="0">
  <testcase classname="testNGStudy.multipleTestCaseUseAllAnnotations" name="myTest" time="0.028"/>
  <system-out>
    <![CDATA[this is my first test case]]>
  </system-out>
  <testcase classname="testNGStudy.multipleTestCaseUseAllAnnotations" name="myTest1" time="0.006"/>
  <system-out>
    <![CDATA[this is my secound test case]]>
  </system-out>
  <testcase classname="testNGStudy.multipleTestCaseUseAllAnnotations" name="myTest4" time="0.009"/>
  <system-out>
    <![CDATA[this is my fifth test case]]>
  </system-out>
  <testcase classname="testNGStudy.multipleTestCaseUseAllAnnotations" name="myTest2" time="0.007"/>
  <system-out>
    <![CDATA[this is my third test case]]>
  </system-out>
  <testcase classname="testNGStudy.multipleTestCaseUseAllAnnotations" name="myTest3" time="0.008"/>
  <system-out>
    <![CDATA[this is my fourth test case]]>
  </system-out>
</testsuite> <!-- testNGStudy.multipleTestCaseUseAllAnnotations -->
