<?xml version="1.0" encoding="UTF-8"?>
<!-- Generated by org.testng.reporters.JUnitReportReporter -->
<testsuite hostname="DESKTOP-R2UNG2A" failures="0" tests="1" name="VerificationUsingTestNG.AssertEquals" time="0.017" errors="0" timestamp="2022-11-19T22:32:54 IST" skipped="0">
  <testcase classname="VerificationUsingTestNG.AssertEquals" name="testing" time="0.017"/>
  <system-out/>
</testsuite> <!-- VerificationUsingTestNG.AssertEquals -->
