<?xml version="1.0" encoding="UTF-8"?>
<!-- Generated by org.testng.reporters.JUnitReportReporter -->
<testsuite hostname="DESKTOP-R2UNG2A" failures="0" tests="2" name="testNGXML.Testing3" time="0.016" errors="0" timestamp="2022-11-17T00:21:31 IST" skipped="0">
  <testcase classname="testNGXML.Testing3" name="I" time="0.016"/>
  <system-out>
    <![CDATA[this is my I method]]>
  </system-out>
  <testcase classname="testNGXML.Testing3" name="K" time="0.000"/>
  <system-out>
    <![CDATA[this is my K method]]>
  </system-out>
</testsuite> <!-- testNGXML.Testing3 -->
