<?xml version="1.0" encoding="UTF-8"?>
<!-- Generated by org.testng.reporters.JUnitReportReporter -->
<testsuite hostname="DESKTOP-R2UNG2A" failures="0" tests="1" name="VerificationUsingTestNG.VerificationTestingByUsingTestNGAssertMethod" time="61.380" errors="0" timestamp="2022-11-19T23:59:48 IST" skipped="0">
  <testcase classname="VerificationUsingTestNG.VerificationTestingByUsingTestNGAssertMethod" name="testing" time="61.380"/>
  <system-out/>
</testsuite> <!-- VerificationUsingTestNG.VerificationTestingByUsingTestNGAssertMethod -->
