<?xml version="1.0" encoding="UTF-8"?>
<!-- Generated by org.testng.reporters.JUnitReportReporter -->
<testsuite hostname="DESKTOP-R2UNG2A" failures="0" tests="2" name="testNGXML.Testing2" time="0.000" errors="0" timestamp="2022-11-17T00:21:31 IST" skipped="0">
  <testcase classname="testNGXML.Testing2" name="H" time="0.000"/>
  <system-out>
    <![CDATA[this is my H method]]>
  </system-out>
  <testcase classname="testNGXML.Testing2" name="F" time="0.000"/>
  <system-out>
    <![CDATA[this is my F method]]>
  </system-out>
</testsuite> <!-- testNGXML.Testing2 -->
