<?xml version="1.0" encoding="UTF-8"?>
<!-- Generated by org.testng.reporters.JUnitReportReporter -->
<testsuite hostname="DESKTOP-R2UNG2A" failures="0" tests="1" name="CrossBrowserTesting.FireFoxTest" time="90.173" errors="0" timestamp="2022-11-23T00:44:58 IST" skipped="0">
  <testcase classname="CrossBrowserTesting.FireFoxTest" name="f" time="90.173"/>
  <system-out/>
</testsuite> <!-- CrossBrowserTesting.FireFoxTest -->
