<?xml version="1.0" encoding="UTF-8"?>
<!-- Generated by org.testng.reporters.JUnitReportReporter -->
<testsuite hostname="DESKTOP-R2UNG2A" failures="0" tests="1" name="VerificationUsingTestNG.AssertNotEquals" time="0.016" errors="0" timestamp="2022-11-19T22:39:47 IST" skipped="0">
  <testcase classname="VerificationUsingTestNG.AssertNotEquals" name="testing" time="0.016"/>
  <system-out/>
</testsuite> <!-- VerificationUsingTestNG.AssertNotEquals -->
