<?xml version="1.0" encoding="UTF-8"?>
<!-- Generated by org.testng.reporters.JUnitReportReporter -->
<testsuite hostname="DESKTOP-R2UNG2A" failures="0" tests="6" name="testNGKeyWord.Priority" time="0.040" errors="0" timestamp="2022-11-15T23:11:35 IST" skipped="0">
  <testcase classname="testNGKeyWord.Priority" name="A" time="0.020"/>
  <system-out>
    <![CDATA[this is my A method is running]]>
  </system-out>
  <testcase classname="testNGKeyWord.Priority" name="F" time="0.005"/>
  <system-out>
    <![CDATA[this is my F method is running]]>
  </system-out>
  <testcase classname="testNGKeyWord.Priority" name="B" time="0.004"/>
  <system-out>
    <![CDATA[this is my B method is running]]>
  </system-out>
  <testcase classname="testNGKeyWord.Priority" name="E" time="0.004"/>
  <system-out>
    <![CDATA[this is my E method is running]]>
  </system-out>
  <testcase classname="testNGKeyWord.Priority" name="D" time="0.004"/>
  <system-out>
    <![CDATA[this is my D method is running]]>
  </system-out>
  <testcase classname="testNGKeyWord.Priority" name="C" time="0.003"/>
  <system-out>
    <![CDATA[this is my C method is running]]>
  </system-out>
</testsuite> <!-- testNGKeyWord.Priority -->
