<?xml version="1.0" encoding="UTF-8"?>
<!-- Generated by org.testng.reporters.JUnitReportReporter -->
<testsuite hostname="DESKTOP-R2UNG2A" failures="0" tests="1" name="VerificationUsingTestNG.AssertFalse" time="0.014" errors="0" timestamp="2022-11-19T23:03:18 IST" skipped="0">
  <testcase classname="VerificationUsingTestNG.AssertFalse" name="testing" time="0.014"/>
  <system-out/>
</testsuite> <!-- VerificationUsingTestNG.AssertFalse -->
