<?xml version="1.0" encoding="UTF-8"?>
<!-- Generated by org.testng.reporters.JUnitReportReporter -->
<testsuite hostname="DESKTOP-R2UNG2A" failures="0" tests="1" name="testNGXML.Testing1" time="0.000" errors="0" timestamp="2022-11-17T00:21:31 IST" skipped="0">
  <testcase classname="testNGXML.Testing1" name="C" time="0.000"/>
  <system-out>
    <![CDATA[this is my C method]]>
  </system-out>
</testsuite> <!-- testNGXML.Testing1 -->
