<?xml version="1.0" encoding="UTF-8"?>
<!-- Generated by org.testng.reporters.JUnitReportReporter -->
<testsuite hostname="DESKTOP-R2UNG2A" failures="0" tests="1" name="VerificationUsingTestNG.DisadvantageOfHardAssert" time="0.043" errors="0" timestamp="2022-11-19T23:33:20 IST" skipped="0">
  <testcase classname="VerificationUsingTestNG.DisadvantageOfHardAssert" name="testing" time="0.043"/>
  <system-out/>
</testsuite> <!-- VerificationUsingTestNG.DisadvantageOfHardAssert -->
