<?xml version="1.0" encoding="UTF-8"?>
<!-- Generated by org.testng.reporters.JUnitReportReporter -->
<testsuite hostname="DESKTOP-R2UNG2A" failures="0" tests="1" name="NeostoxTestClassValidateUserIdandBalance.ValidateUserID" time="49.130" errors="0" timestamp="2022-12-01T00:32:42 IST" skipped="0">
  <testcase classname="NeostoxTestClassValidateUserIdandBalance.ValidateUserID" name="ValidateUserID" time="49.130"/>
  <system-out>
    <![CDATA[waiting for1000 ms
getting actual user name is Hi Ganesh Kadam
Reading form excel
waiting for1000 ms
getting actual user name is Hi Ganesh Kadam
waiting for1000 ms
Taking screenshot]]>
  </system-out>
</testsuite> <!-- NeostoxTestClassValidateUserIdandBalance.ValidateUserID -->
