<?xml version="1.0" encoding="UTF-8"?>
<!-- Generated by org.testng.reporters.JUnitReportReporter -->
<testsuite hostname="DESKTOP-R2UNG2A" failures="0" tests="2" name="testNGStudy.testNGExample" time="0.018" errors="0" timestamp="2022-11-07T22:57:43 IST" skipped="0">
  <testcase classname="testNGStudy.testNGExample" name="flipcardpage" time="0.015"/>
  <system-out>
    <![CDATA[The 1st Method is pass only show the output in console only>> only string use
my second method pass using string and boolean type
my first method pass]]>
  </system-out>
  <testcase classname="testNGStudy.testNGExample" name="practicepage" time="0.003"/>
  <system-out>
    <![CDATA[The 1st Method is pass only show the output in console only >> only string use
my first method pass using string and boolean type
my first method pass]]>
  </system-out>
</testsuite> <!-- testNGStudy.testNGExample -->
