<?xml version="1.0" encoding="UTF-8"?>
<!-- Generated by org.testng.reporters.JUnitReportReporter -->
<testsuite hostname="DESKTOP-R2UNG2A" failures="0" tests="1" name="NeostoxTestClassValidateUserIdandBalance.ValidateAccBalance2properties" time="37.197" errors="0" timestamp="2022-12-01T01:05:01 IST" skipped="0">
  <testcase classname="NeostoxTestClassValidateUserIdandBalance.ValidateAccBalance2properties" name="ValidateAccBalance" time="37.197"/>
  <system-out>
    <![CDATA[waiting for1000 ms
getting account balance
account balance is A/c Balance: Rs.5,00,000.00
waiting for1000 ms
Taking screenshot]]>
  </system-out>
</testsuite> <!-- NeostoxTestClassValidateUserIdandBalance.ValidateAccBalance2properties -->
