<?xml version="1.0" encoding="UTF-8"?>
<!-- Generated by org.testng.reporters.JUnitReportReporter -->
<testsuite hostname="DESKTOP-R2UNG2A" failures="0" tests="4" name="testNGGrouping.Testing2" time="0.098" errors="0" timestamp="2022-11-18T23:32:35 IST" skipped="0">
  <testcase classname="testNGGrouping.Testing2" name="F" time="0.005"/>
  <system-out>
    <![CDATA[this is F method is running]]>
  </system-out>
  <testcase classname="testNGGrouping.Testing2" name="H" time="0.005"/>
  <system-out>
    <![CDATA[this is H method is running]]>
  </system-out>
  <testcase classname="testNGGrouping.Testing2" name="E" time="0.084"/>
  <system-out>
    <![CDATA[this is E method is running]]>
  </system-out>
  <testcase classname="testNGGrouping.Testing2" name="G" time="0.004"/>
  <system-out>
    <![CDATA[this is G method is running]]>
  </system-out>
</testsuite> <!-- testNGGrouping.Testing2 -->
