<?xml version="1.0" encoding="UTF-8"?>
<!-- Generated by org.testng.reporters.JUnitReportReporter -->
<testsuite hostname="DESKTOP-R2UNG2A" failures="0" tests="1" name="testNGStudy.testNGallAnnotationsUse" time="0.013" errors="0" timestamp="2022-11-15T22:26:06 IST" skipped="0">
  <testcase classname="testNGStudy.testNGallAnnotationsUse" name="myTest" time="0.013"/>
  <system-out>
    <![CDATA[this is my test case method running]]>
  </system-out>
</testsuite> <!-- testNGStudy.testNGallAnnotationsUse -->
