<?xml version="1.0" encoding="UTF-8"?>
<!-- Generated by org.testng.reporters.JUnitReportReporter -->
<testsuite hostname="DESKTOP-R2UNG2A" failures="0" tests="1" name="serialParalleltestNG.serialParralelTestNG2" time="63.321" errors="0" timestamp="2022-11-19T00:38:56 IST" skipped="0">
  <testcase classname="serialParalleltestNG.serialParralelTestNG2" name="googlepage" time="63.321"/>
  <system-out/>
</testsuite> <!-- serialParalleltestNG.serialParralelTestNG2 -->
