<?xml version="1.0" encoding="UTF-8"?>
<!-- Generated by org.testng.reporters.JUnitReportReporter -->
<testsuite hostname="DESKTOP-R2UNG2A" failures="0" tests="5" name="testNGKeyWord.InvocationCount" time="0.035" errors="0" timestamp="2022-11-15T22:54:48 IST" skipped="0">
  <testcase classname="testNGKeyWord.InvocationCount" name="invocationCount" time="0.004"/>
  <system-out>
    <![CDATA[this is invocationcount keyword use]]>
  </system-out>
  <testcase classname="testNGKeyWord.InvocationCount" name="invocationCount" time="0.005"/>
  <system-out>
    <![CDATA[this is invocationcount keyword use]]>
  </system-out>
  <testcase classname="testNGKeyWord.InvocationCount" name="invocationCount" time="0.005"/>
  <system-out>
    <![CDATA[this is invocationcount keyword use]]>
  </system-out>
  <testcase classname="testNGKeyWord.InvocationCount" name="invocationCount" time="0.004"/>
  <system-out>
    <![CDATA[this is invocationcount keyword use]]>
  </system-out>
  <testcase classname="testNGKeyWord.InvocationCount" name="invocationCount" time="0.017"/>
  <system-out>
    <![CDATA[this is invocationcount keyword use]]>
  </system-out>
</testsuite> <!-- testNGKeyWord.InvocationCount -->
