<?xml version="1.0" encoding="UTF-8"?>
<!-- Generated by org.testng.reporters.JUnitReportReporter -->
<testsuite hostname="DESKTOP-R2UNG2A" failures="0" tests="4" name="testNGGrouping.Testing3" time="0.030" errors="0" timestamp="2022-11-18T23:49:16 IST" skipped="0">
  <testcase classname="testNGGrouping.Testing3" name="A" time="0.018"/>
  <system-out>
    <![CDATA[this is A method is running]]>
  </system-out>
  <testcase classname="testNGGrouping.Testing3" name="C" time="0.002"/>
  <system-out>
    <![CDATA[this is C method is running]]>
  </system-out>
  <testcase classname="testNGGrouping.Testing3" name="B" time="0.004"/>
  <system-out>
    <![CDATA[this is B method is running]]>
  </system-out>
  <testcase classname="testNGGrouping.Testing3" name="D" time="0.006"/>
  <system-out>
    <![CDATA[this is D method is running]]>
  </system-out>
</testsuite> <!-- testNGGrouping.Testing3 -->
