<?xml version="1.0" encoding="UTF-8"?>
<!-- Generated by org.testng.reporters.JUnitReportReporter -->
<testsuite hostname="DESKTOP-R2UNG2A" failures="0" tests="1" name="testNGGrouping.Testing1" time="0.017" errors="0" timestamp="2022-11-18T23:33:18 IST" skipped="0">
  <testcase classname="testNGGrouping.Testing1" name="C" time="0.017"/>
  <system-out>
    <![CDATA[this is C method is running]]>
  </system-out>
</testsuite> <!-- testNGGrouping.Testing1 -->
