<?xml version="1.0" encoding="UTF-8"?>
<!-- Generated by org.testng.reporters.JUnitReportReporter -->
<testsuite hostname="DESKTOP-R2UNG2A" failures="0" tests="3" name="testNGXML.Testing6" time="0.016" errors="0" timestamp="2022-11-17T00:21:31 IST" skipped="0">
  <testcase classname="testNGXML.Testing6" name="Z" time="0.000"/>
  <system-out>
    <![CDATA[this is my Z method]]>
  </system-out>
  <testcase classname="testNGXML.Testing6" name="W" time="0.000"/>
  <system-out>
    <![CDATA[this is my W method]]>
  </system-out>
  <testcase classname="testNGXML.Testing6" name="Y" time="0.016"/>
  <system-out>
    <![CDATA[this is my Y method]]>
  </system-out>
</testsuite> <!-- testNGXML.Testing6 -->
