<?xml version="1.0" encoding="UTF-8"?>
<!-- Generated by org.testng.reporters.JUnitReportReporter -->
<testsuite hostname="DESKTOP-R2UNG2A" failures="0" tests="1" name="VerificationUsingTestNG.AssertTrue" time="0.015" errors="0" timestamp="2022-11-19T22:58:44 IST" skipped="0">
  <testcase classname="VerificationUsingTestNG.AssertTrue" name="testing" time="0.015"/>
  <system-out/>
</testsuite> <!-- VerificationUsingTestNG.AssertTrue -->
