<?xml version="1.0" encoding="UTF-8"?>
<!-- Generated by org.testng.reporters.JUnitReportReporter -->
<testsuite hostname="DESKTOP-R2UNG2A" failures="0" tests="2" name="testNGXML.Testing4" time="0.000" errors="0" timestamp="2022-11-17T00:21:31 IST" skipped="0">
  <testcase classname="testNGXML.Testing4" name="N" time="0.000"/>
  <system-out>
    <![CDATA[this is my N method]]>
  </system-out>
  <testcase classname="testNGXML.Testing4" name="O" time="0.000"/>
  <system-out>
    <![CDATA[this is my O method]]>
  </system-out>
</testsuite> <!-- testNGXML.Testing4 -->
