<?xml version="1.0" encoding="UTF-8"?>
<!-- Generated by org.testng.reporters.JUnitReportReporter -->
<testsuite hostname="DESKTOP-R2UNG2A" failures="0" tests="1" name="VerificationUsingTestNG.AssertNotNull" time="0.016" errors="0" timestamp="2022-11-19T22:55:41 IST" skipped="0">
  <testcase classname="VerificationUsingTestNG.AssertNotNull" name="testing" time="0.016"/>
  <system-out/>
</testsuite> <!-- VerificationUsingTestNG.AssertNotNull -->
