<?xml version="1.0" encoding="UTF-8"?>
<!-- Generated by org.testng.reporters.JUnitReportReporter -->
<testsuite hostname="DESKTOP-R2UNG2A" failures="0" tests="1" name="VerificationUsingTestNG.AssertNull" time="0.024" errors="0" timestamp="2022-11-19T22:45:14 IST" skipped="0">
  <testcase classname="VerificationUsingTestNG.AssertNull" name="testing" time="0.024"/>
  <system-out/>
</testsuite> <!-- VerificationUsingTestNG.AssertNull -->
