<?xml version="1.0" encoding="UTF-8"?>
<!-- Generated by org.testng.reporters.JUnitReportReporter -->
<testsuite hostname="DESKTOP-R2UNG2A" failures="0" tests="6" name="testNGKeyWord.Enabled" time="0.018" errors="0" timestamp="2022-11-15T23:21:23 IST" skipped="4">
  <testcase classname="testNGKeyWord.Enabled" name="A" time="0.016"/>
  <system-out>
    <![CDATA[this is my A method is running]]>
  </system-out>
  <testcase classname="testNGKeyWord.Enabled" name="C" time="0.002"/>
  <system-out>
    <![CDATA[this is my C method is running]]>
  </system-out>
  <testcase classname="testNGKeyWord.Enabled" name="B">
    <skipped/>
  </testcase> <!-- B -->
  <system-out/>
  <testcase classname="testNGKeyWord.Enabled" name="E">
    <skipped/>
  </testcase> <!-- E -->
  <system-out/>
  <testcase classname="testNGKeyWord.Enabled" name="D">
    <skipped/>
  </testcase> <!-- D -->
  <system-out/>
  <testcase classname="testNGKeyWord.Enabled" name="F">
    <skipped/>
  </testcase> <!-- F -->
  <system-out/>
</testsuite> <!-- testNGKeyWord.Enabled -->
