<?xml version="1.0" encoding="UTF-8"?>
<!-- Generated by org.testng.reporters.JUnitReportReporter -->
<testsuite hostname="DESKTOP-R2UNG2A" failures="0" tests="2" name="CrossBrowserTesting.CBTest" time="279.931" errors="0" timestamp="2022-11-21T23:20:42 IST" skipped="0">
  <testcase classname="CrossBrowserTesting.CBTest" name="BrowserTesting" time="139.448"/>
  <system-out/>
  <testcase classname="CrossBrowserTesting.CBTest" name="BrowserTesting" time="140.483"/>
  <system-out/>
</testsuite> <!-- CrossBrowserTesting.CBTest -->
