<?xml version="1.0" encoding="UTF-8"?>
<!-- Generated by org.testng.reporters.JUnitReportReporter -->
<testsuite hostname="DESKTOP-R2UNG2A" failures="0" tests="1" name="NeostoxTestClassValidateUserIdandBalance.ValidateAccBalance" time="52.047" errors="0" timestamp="2022-12-01T00:35:00 IST" skipped="0">
  <testcase classname="NeostoxTestClassValidateUserIdandBalance.ValidateAccBalance" name="ValidateAccBalance" time="52.047"/>
  <system-out>
    <![CDATA[waiting for1000 ms
getting account balance
account balance is A/c Balance: Rs.5,00,000.00
waiting for1000 ms
Taking screenshot]]>
  </system-out>
</testsuite> <!-- NeostoxTestClassValidateUserIdandBalance.ValidateAccBalance -->
