<?xml version="1.0" encoding="UTF-8"?>
<!-- Generated by org.testng.reporters.JUnitReportReporter -->
<testsuite hostname="DESKTOP-R2UNG2A" failures="0" tests="1" name="serialParalleltestNG.serialParralelTestNG" time="63.231" errors="0" timestamp="2022-11-19T00:38:55 IST" skipped="0">
  <testcase classname="serialParalleltestNG.serialParralelTestNG" name="FaceBookLogin" time="63.231"/>
  <system-out/>
</testsuite> <!-- serialParalleltestNG.serialParralelTestNG -->
