<?xml version="1.0" encoding="UTF-8"?>
<!-- Generated by org.testng.reporters.JUnitReportReporter -->
<testsuite hostname="DESKTOP-R2UNG2A" failures="0" tests="1" name="NeostoxTestClassValidateUserIdandBalance.ValidateUserID2properties" time="16.546" errors="0" timestamp="2022-12-01T01:00:47 IST" skipped="0">
  <testcase classname="NeostoxTestClassValidateUserIdandBalance.ValidateUserID2properties" name="ValidateUserID" time="16.546"/>
  <system-out>
    <![CDATA[waiting for1000 ms
getting actual user name is Hi Ganesh Kadam
Reading username from property file
waiting for1000 ms
getting actual user name is Hi Ganesh Kadam
waiting for1000 ms
Taking screenshot]]>
  </system-out>
</testsuite> <!-- NeostoxTestClassValidateUserIdandBalance.ValidateUserID2properties -->
